  AssetManager.cpp
  EventManager.cpp
  Game.cpp
  InputManager.cpp
  main.cpp
  Map.cpp
Map.cpp(79): warning C4018: '<': signed/unsigned 不相符
  Menu.cpp
  Mob.cpp
Mob.cpp(237): warning C4244: '=': 將 'int' 轉換為 'float'，由於類型不同，可能導致資料遺失
Mob.cpp(238): warning C4244: '=': 將 'int' 轉換為 'float'，由於類型不同，可能導致資料遺失
  Player.cpp
  Tile.cpp
Tile.cpp(5): warning C4244: '引數': 將 'int' 轉換為 'float'，由於類型不同，可能導致資料遺失
  正在產生程式碼
  155 of 1273 functions (12.2%) were compiled, the rest were copied from previous compilation.
    25 functions were new in current compilation
    109 functions had inline decision re-evaluated but remain unchanged
  已完成程式碼產生
  Game_Project.vcxproj -> C:\Users\saa\Desktop\Game_Project\Release\Game_Project.exe
  Game_Project.vcxproj -> C:\Users\saa\Desktop\Game_Project\Release\Game_Project.pdb (Full PDB)
