c:\users\saa\desktop\game_project\game_project\debug\vc140.pdb
c:\users\saa\desktop\game_project\game_project\debug\vc140.idb
c:\users\saa\desktop\game_project\game_project\debug\game.obj
c:\users\saa\desktop\game_project\game_project\debug\main.obj
c:\users\saa\desktop\game_project\game_project\debug\map.obj
c:\users\saa\desktop\game_project\game_project\debug\mob.obj
c:\users\saa\desktop\game_project\game_project\debug\object.obj
c:\users\saa\desktop\game_project\game_project\debug\player.obj
c:\users\saa\desktop\game_project\game_project\debug\sprite.obj
c:\users\saa\desktop\game_project\game_project\debug\texturemanager.obj
c:\users\saa\desktop\game_project\game_project\debug\tile.obj
c:\users\saa\desktop\game_project\game_project\debug\vector2d.obj
c:\users\saa\desktop\game_project\game_project\debug\goblin.obj
c:\users\saa\desktop\game_project\debug\game_project.ilk
c:\users\saa\desktop\game_project\debug\game_project.exe
c:\users\saa\desktop\game_project\debug\game_project.pdb
c:\users\saa\desktop\game_project\game_project\debug\game.obj.enc
c:\users\saa\desktop\game_project\game_project\debug\texturemanager.obj.enc
c:\users\saa\desktop\game_project\game_project\debug\game_project.tlog\cl.command.1.tlog
c:\users\saa\desktop\game_project\game_project\debug\game_project.tlog\cl.read.1.tlog
c:\users\saa\desktop\game_project\game_project\debug\game_project.tlog\cl.write.1.tlog
c:\users\saa\desktop\game_project\game_project\debug\game_project.tlog\link.command.1.tlog
c:\users\saa\desktop\game_project\game_project\debug\game_project.tlog\link.read.1.tlog
c:\users\saa\desktop\game_project\game_project\debug\game_project.tlog\link.write.1.tlog
